2025-04-29 10:41:52.978 DEBUG o.s.web.servlet.DispatcherServlet [http-nio-9181-exec-4] POST "/api/digest", parameters={}
2025-04-29 10:41:52.978 DEBUG o.s.w.s.m.m.a.RequestMappingHandlerMapping [http-nio-9181-exec-4] Mapped to org.ips.xml.signer.xmlsigner.controller.DigestController#handleXmlRequest(String)
2025-04-29 10:41:52.978 DEBUG o.s.w.s.m.m.a.RequestResponseBodyMethodProcessor [http-nio-9181-exec-4] Read "application/xml;charset=UTF-8" to ["<?xml version="1.0" encoding="UTF-8"?><EOL><EOL><FPEnvelope xmlns="urn:iso:std:iso:20022:tech:xsd:payment_re (truncated)..."]
2025-04-29 10:41:52.978 INFO  o.i.x.s.x.r.CertificateCacheRepository [http-nio-9181-exec-4]  the file is already loaded ....... trying to bet the bank private key and the catched size is 2
2025-04-29 10:41:53.010 ERROR o.i.x.s.x.s.d.DigestServiceImpl [http-nio-9181-exec-4] Unsupported TransformerFactory feature: http://apache.org/xml/features/disallow-doctype-decl
2025-04-29 10:41:53.010 DEBUG o.s.w.s.m.m.a.ExceptionHandlerExceptionResolver [http-nio-9181-exec-4] Using @ExceptionHandler org.ips.xml.signer.xmlsigner.exceptions.GlobalExceptionHandler#handleAllUncaughtException(Exception, WebRequest)
2025-04-29 10:41:53.010 ERROR GLOBAL_EXCEPTION_HANDLER [http-nio-9181-exec-4] Unknown error occurred
java.lang.NullPointerException: Cannot invoke "String.replace(java.lang.CharSequence, java.lang.CharSequence)" because "signedXml" is null
	at org.ips.xml.signer.xmlsigner.service.digestService.DigestServiceImpl.signDocument(DigestServiceImpl.java:60)
	at org.ips.xml.signer.xmlsigner.controller.DigestController.handleXmlRequest(DigestController.java:52)
	at java.base/jdk.internal.reflect.DirectMethodHandleAccessor.invoke(DirectMethodHandleAccessor.java:103)
	at java.base/java.lang.reflect.Method.invoke(Method.java:580)
	at org.springframework.web.method.support.InvocableHandlerMethod.doInvoke(InvocableHandlerMethod.java:255)
	at org.springframework.web.method.support.InvocableHandlerMethod.invokeForRequest(InvocableHandlerMethod.java:188)
	at org.springframework.web.servlet.mvc.method.annotation.ServletInvocableHandlerMethod.invokeAndHandle(ServletInvocableHandlerMethod.java:118)
	at org.springframework.web.servlet.mvc.method.annotation.RequestMappingHandlerAdapter.invokeHandlerMethod(RequestMappingHandlerAdapter.java:926)
	at org.springframework.web.servlet.mvc.method.annotation.RequestMappingHandlerAdapter.handleInternal(RequestMappingHandlerAdapter.java:831)
	at org.springframework.web.servlet.mvc.method.AbstractHandlerMethodAdapter.handle(AbstractHandlerMethodAdapter.java:87)
	at org.springframework.web.servlet.DispatcherServlet.doDispatch(DispatcherServlet.java:1089)
	at org.springframework.web.servlet.DispatcherServlet.doService(DispatcherServlet.java:979)
	at org.springframework.web.servlet.FrameworkServlet.processRequest(FrameworkServlet.java:1014)
	at org.springframework.web.servlet.FrameworkServlet.doPost(FrameworkServlet.java:914)
	at jakarta.servlet.http.HttpServlet.service(HttpServlet.java:590)
	at org.springframework.web.servlet.FrameworkServlet.service(FrameworkServlet.java:885)
	at jakarta.servlet.http.HttpServlet.service(HttpServlet.java:658)
	at org.apache.catalina.core.ApplicationFilterChain.internalDoFilter(ApplicationFilterChain.java:206)
	at org.apache.catalina.core.ApplicationFilterChain.doFilter(ApplicationFilterChain.java:150)
	at org.apache.tomcat.websocket.server.WsFilter.doFilter(WsFilter.java:51)
	at org.apache.catalina.core.ApplicationFilterChain.internalDoFilter(ApplicationFilterChain.java:175)
	at org.apache.catalina.core.ApplicationFilterChain.doFilter(ApplicationFilterChain.java:150)
	at org.springframework.web.filter.RequestContextFilter.doFilterInternal(RequestContextFilter.java:100)
	at org.springframework.web.filter.OncePerRequestFilter.doFilter(OncePerRequestFilter.java:116)
	at org.apache.catalina.core.ApplicationFilterChain.internalDoFilter(ApplicationFilterChain.java:175)
	at org.apache.catalina.core.ApplicationFilterChain.doFilter(ApplicationFilterChain.java:150)
	at org.springframework.web.filter.FormContentFilter.doFilterInternal(FormContentFilter.java:93)
	at org.springframework.web.filter.OncePerRequestFilter.doFilter(OncePerRequestFilter.java:116)
	at org.apache.catalina.core.ApplicationFilterChain.internalDoFilter(ApplicationFilterChain.java:175)
	at org.apache.catalina.core.ApplicationFilterChain.doFilter(ApplicationFilterChain.java:150)
	at org.springframework.web.filter.CharacterEncodingFilter.doFilterInternal(CharacterEncodingFilter.java:201)
	at org.springframework.web.filter.OncePerRequestFilter.doFilter(OncePerRequestFilter.java:116)
	at org.apache.catalina.core.ApplicationFilterChain.internalDoFilter(ApplicationFilterChain.java:175)
	at org.apache.catalina.core.ApplicationFilterChain.doFilter(ApplicationFilterChain.java:150)
	at org.apache.catalina.core.StandardWrapperValve.invoke(StandardWrapperValve.java:167)
	at org.apache.catalina.core.StandardContextValve.invoke(StandardContextValve.java:90)
	at org.apache.catalina.authenticator.AuthenticatorBase.invoke(AuthenticatorBase.java:482)
	at org.apache.catalina.core.StandardHostValve.invoke(StandardHostValve.java:115)
	at org.apache.catalina.valves.ErrorReportValve.invoke(ErrorReportValve.java:93)
	at org.apache.catalina.core.StandardEngineValve.invoke(StandardEngineValve.java:74)
	at org.apache.catalina.connector.CoyoteAdapter.service(CoyoteAdapter.java:344)
	at org.apache.coyote.http11.Http11Processor.service(Http11Processor.java:391)
	at org.apache.coyote.AbstractProcessorLight.process(AbstractProcessorLight.java:63)
	at org.apache.coyote.AbstractProtocol$ConnectionHandler.process(AbstractProtocol.java:896)
	at org.apache.tomcat.util.net.NioEndpoint$SocketProcessor.doRun(NioEndpoint.java:1736)
	at org.apache.tomcat.util.net.SocketProcessorBase.run(SocketProcessorBase.java:52)
	at org.apache.tomcat.util.threads.ThreadPoolExecutor.runWorker(ThreadPoolExecutor.java:1191)
	at org.apache.tomcat.util.threads.ThreadPoolExecutor$Worker.run(ThreadPoolExecutor.java:659)
	at org.apache.tomcat.util.threads.TaskThread$WrappingRunnable.run(TaskThread.java:63)
	at java.base/java.lang.Thread.run(Thread.java:1583)
2025-04-29 10:41:53.010 DEBUG o.s.w.s.m.m.a.HttpEntityMethodProcessor [http-nio-9181-exec-4] Using 'application/json', given [*/*] and supported [application/json, application/*+json]
2025-04-29 10:41:53.010 DEBUG o.s.w.s.m.m.a.HttpEntityMethodProcessor [http-nio-9181-exec-4] Writing [org.ips.xml.signer.xmlsigner.exceptions.ErrorResponse@1fed40f0]
2025-04-29 10:41:53.010 DEBUG o.s.w.s.m.m.a.ExceptionHandlerExceptionResolver [http-nio-9181-exec-4] Resolved [java.lang.NullPointerException: Cannot invoke "String.replace(java.lang.CharSequence, java.lang.CharSequence)" because "signedXml" is null]
2025-04-29 10:41:53.010 DEBUG o.s.web.servlet.DispatcherServlet [http-nio-9181-exec-4] Completed 500 INTERNAL_SERVER_ERROR
